<?xml version="1.0" encoding="UTF-8"?>
<testsuite name="strategy_social_media.SocialMediaTestSuite" tests="1" skipped="0" failures="0" errors="0" timestamp="2019-10-22T19:51:19" hostname="Dell-Komputer" time="0.058">
  <properties/>
  <testcase name="testDefaultSocialMediaMessagesSending" classname="strategy_social_media.SocialMediaTestSuite" time="0.058"/>
  <system-out><![CDATA[Neo usually uses Facebook
Justin usually uses Twitter
Stormzy usually uses Snapchat
]]></system-out>
  <system-err><![CDATA[]]></system-err>
</testsuite>
