<?xml version="1.0" encoding="UTF-8"?>
<testsuite name="sigleton_logger.SingletonLoggerTestSuite" tests="1" skipped="0" failures="0" errors="0" timestamp="2019-10-13T16:44:19" hostname="Dell-Komputer" time="0.023">
  <properties/>
  <testcase name="testGetLastLogger" classname="sigleton_logger.SingletonLoggerTestSuite" time="0.023"/>
  <system-out><![CDATA[Log [ 2019.10.13 18:38 main_user]
]]></system-out>
  <system-err><![CDATA[]]></system-err>
</testsuite>
