<?xml version="1.0" encoding="UTF-8"?>
<testsuite name="observer_forum.ForumUserTestSuite" tests="1" skipped="0" failures="0" errors="0" timestamp="2019-11-06T23:17:38" hostname="Dell-Komputer" time="0.025">
  <properties/>
  <testcase name="testUpdate" classname="observer_forum.ForumUserTestSuite" time="0.025"/>
  <system-out><![CDATA[Martin Novak: new message in topic Java Help Group
(total: 1 messages.)
Adam Adamski: new message in topic Java Help Group
(total: 1 messages.)
Martin Novak: new message in topic Java Help Group
(total: 2 messages.)
Adam Adamski: new message in topic Java Help Group
(total: 2 messages.)
Martin Novak: new message in topic Java Help Group
(total: 3 messages.)
Adam Adamski: new message in topic Java Help Group
(total: 3 messages.)
Martin Novak: new message in topic Java Tools Group
(total: 1 messages.)
Eva Smith: new message in topic Java Tools Group
(total: 1 messages.)
Martin Novak: new message in topic Java Tools Group
(total: 2 messages.)
Eva Smith: new message in topic Java Tools Group
(total: 2 messages.)
]]></system-out>
  <system-err><![CDATA[]]></system-err>
</testsuite>
