<?xml version="1.0" encoding="UTF-8"?>
<testsuite name="prototype_tasks.BoardTestSuite" tests="1" skipped="0" failures="0" errors="0" timestamp="2019-10-19T19:42:00" hostname="Dell-Komputer" time="0.102">
  <properties/>
  <testcase name="testToString" classname="prototype_tasks.BoardTestSuite" time="0.102"/>
  <system-out><![CDATA[Board [Project #1]
     List [Done Tasks]
         Task [Done Task1]
         Task [Done Task2]
         Task [Done Task3]
         Task [Done Task4]
         Task [Done Task5]
         Task [Done Task6]
         Task [Done Task7]
         Task [Done Task8]
         Task [Done Task9]
         Task [Done Task10]
     List [In Progress Tasks]
         Task [In Progress Tasks 1]
         Task [In Progress Tasks 2]
         Task [In Progress Tasks 3]
         Task [In Progress Tasks 4]
         Task [In Progress Tasks 5]
         Task [In Progress Tasks 6]
         Task [In Progress Tasks 7]
         Task [In Progress Tasks 8]
         Task [In Progress Tasks 9]
         Task [In Progress Tasks 10]

Board [Project #2]
     List [Done Tasks]
         Task [Done Task1]
         Task [Done Task2]
         Task [Done Task3]
         Task [Done Task4]
         Task [Done Task5]
         Task [Done Task6]
         Task [Done Task7]
         Task [Done Task8]
         Task [Done Task9]
         Task [Done Task10]
     List [In Progress Tasks]
         Task [In Progress Tasks 1]
         Task [In Progress Tasks 2]
         Task [In Progress Tasks 3]
         Task [In Progress Tasks 4]
         Task [In Progress Tasks 5]
         Task [In Progress Tasks 6]
         Task [In Progress Tasks 7]
         Task [In Progress Tasks 8]
         Task [In Progress Tasks 9]
         Task [In Progress Tasks 10]

Board [Project #3]
     List [In Progress Tasks]
         Task [In Progress Tasks 1]
         Task [In Progress Tasks 2]
         Task [In Progress Tasks 3]
         Task [In Progress Tasks 4]
         Task [In Progress Tasks 5]
         Task [In Progress Tasks 6]
         Task [In Progress Tasks 7]
         Task [In Progress Tasks 8]
         Task [In Progress Tasks 9]
         Task [In Progress Tasks 10]
     List [To Do Tasks]
         Task [To Do Task number 1]
         Task [To Do Task number 2]
         Task [To Do Task number 3]
         Task [To Do Task number 4]
         Task [To Do Task number 5]
         Task [To Do Task number 6]
         Task [To Do Task number 7]
         Task [To Do Task number 8]
         Task [To Do Task number 9]
         Task [To Do Task number 10]
     List [Done Tasks]
         Task [Done Task1]
         Task [Done Task2]
         Task [Done Task3]
         Task [Done Task4]
         Task [Done Task5]
         Task [Done Task6]
         Task [Done Task7]
         Task [Done Task8]
         Task [Done Task9]
         Task [Done Task10]

]]></system-out>
  <system-err><![CDATA[]]></system-err>
</testsuite>
