<?xml version="1.0" encoding="UTF-8"?>
<testsuite name="builder_burger.BigBurgerTestSuite" tests="1" skipped="0" failures="0" errors="0" timestamp="2019-11-01T11:07:42" hostname="Dell-Komputer" time="0.022">
  <properties/>
  <testcase name="testBigBurgerNew" classname="builder_burger.BigBurgerTestSuite" time="0.022"/>
  <system-out><![CDATA[BigBurger{bun='Classic', burgerType='Millet groats', burgerDouble=false, sauce=[Mustard, Spicy tomatoes], ingredients=[Onion, Lettuce, Tomato, Cucumber, Capers]}
BigBurger{bun='Dark', burgerType='Beetroot', burgerDouble=true, sauce=[], ingredients=[Goat cheese, Onion, Nuts, Rocket]}
]]></system-out>
  <system-err><![CDATA[]]></system-err>
</testsuite>
