<?xml version="1.0" encoding="UTF-8"?>
<testsuite name="prototype_bank.BankTestSuite" tests="1" skipped="0" failures="0" errors="0" timestamp="2019-10-20T23:18:04" hostname="Dell-Komputer" time="0.199">
  <properties/>
  <testcase name="testGetTransactions" classname="prototype_bank.BankTestSuite" time="0.199"/>
  <system-out><![CDATA[Bank [ Bank # 1 ]
Customer # Customer 1
  Account # [ 12 3456 0000 0000 7890 0000 0002 ]
     [Transaction ID: transaction 0011] |amount| 95.88318758545874 @ |data| 2018-01-24;
     [Transaction ID: transaction 0012] |amount| 9.473999464419192 @ |data| 2017-08-19;
     [Transaction ID: transaction 0013] |amount| 7.497688777797751 @ |data| 2017-09-16;
     [Transaction ID: transaction 0014] |amount| 69.73443400385813 @ |data| 2017-03-27;
     [Transaction ID: transaction 0015] |amount| 16.662643448590984 @ |data| 2018-03-10;
  Account # [ 12 3456 0000 0000 7890 0000 0001 ]
     [Transaction ID: transaction 0001] |amount| 5.475727088398685 @ |data| 2018-05-12;
     [Transaction ID: transaction 0002] |amount| 4.28726645694314 @ |data| 2018-04-27;
     [Transaction ID: transaction 0003] |amount| 92.5874961947588 @ |data| 2018-12-29;
     [Transaction ID: transaction 0004] |amount| 90.08217584459123 @ |data| 2018-05-03;
     [Transaction ID: transaction 0005] |amount| 82.37830524337936 @ |data| 2017-05-06;
Customer # Customer 2
  Account # [ 12 3456 0000 0000 7890 0000 0004 ]
     [Transaction ID: transaction 0031] |amount| 25.587085765131214 @ |data| 2017-04-15;
     [Transaction ID: transaction 0032] |amount| 91.87575408299656 @ |data| 2017-10-14;
     [Transaction ID: transaction 0033] |amount| 30.6572632951018 @ |data| 2018-12-20;
     [Transaction ID: transaction 0034] |amount| 33.23576871230222 @ |data| 2017-08-28;
     [Transaction ID: transaction 0035] |amount| 98.42524936870099 @ |data| 2017-10-13;
  Account # [ 12 3456 0000 0000 7890 0000 0003 ]
     [Transaction ID: transaction 0021] |amount| 48.14072763005933 @ |data| 2018-10-28;
     [Transaction ID: transaction 0022] |amount| 29.886738658470346 @ |data| 2017-11-27;
     [Transaction ID: transaction 0023] |amount| 28.3056028754742 @ |data| 2017-01-14;
     [Transaction ID: transaction 0024] |amount| 73.20924911918209 @ |data| 2018-06-03;
     [Transaction ID: transaction 0025] |amount| 96.7848436821105 @ |data| 2017-02-01;
Customer # Customer 3
  Account # [ 12 3456 0000 0000 7890 0000 0005 ]
     [Transaction ID: transaction 0041] |amount| 3.743421206808606 @ |data| 2018-01-04;
     [Transaction ID: transaction 0042] |amount| 58.79580664850849 @ |data| 2018-07-09;
     [Transaction ID: transaction 0043] |amount| 83.1177960058193 @ |data| 2017-11-14;
     [Transaction ID: transaction 0044] |amount| 34.96928020557879 @ |data| 2017-06-13;
     [Transaction ID: transaction 0045] |amount| 56.69718085941741 @ |data| 2017-03-13;
The "bankTransactionsNumber" = 25
The "clonedBankTransactionsNumber" = 25
The "deepClonedBankTransactionsNumber" = 25
After clearing the deepClonedBank the size of collection is: 0
The size of bank # 1 is:3
After clearing the clonedBank the size of collection is: 0
The size of bank # 1 is:0
]]></system-out>
  <system-err><![CDATA[]]></system-err>
</testsuite>
