<?xml version="1.0" encoding="UTF-8"?>
<testsuite name="singleton.SettingsFileManagerTestSuite" tests="3" skipped="0" failures="0" errors="0" timestamp="2019-10-11T18:43:18" hostname="Dell-Komputer" time="0.008">
  <properties/>
  <testcase name="testSaveSettings" classname="singleton.SettingsFileManagerTestSuite" time="0.002"/>
  <testcase name="testLoadSettings" classname="singleton.SettingsFileManagerTestSuite" time="0.0"/>
  <testcase name="testGetFileName" classname="singleton.SettingsFileManagerTestSuite" time="0.001"/>
  <system-out><![CDATA[Opening the settings file.
Saving settings to file.
Loading settings from file.
Opened:myapp.settings
Closing the seetings file.
]]></system-out>
  <system-err><![CDATA[]]></system-err>
</testsuite>
