<?xml version="1.0" encoding="UTF-8"?>
<testsuite name="decorator_taxi.TaxiOrderTestSuite" tests="1" skipped="0" failures="0" errors="0" timestamp="2019-12-10T22:55:50" hostname="Dell-Komputer" time="0.05">
  <properties/>
  <testcase name="testVipTaxiWithChildSeatExpressGetCost" classname="decorator_taxi.TaxiOrderTestSuite" time="0.05"/>
  <system-out><![CDATA[90
]]></system-out>
  <system-err><![CDATA[]]></system-err>
</testsuite>
