<?xml version="1.0" encoding="UTF-8"?>
<testsuite name="singleton.SettingsFileManagerTestSuite" tests="1" skipped="0" failures="0" errors="0" timestamp="2019-10-10T22:17:17" hostname="Dell-Komputer" time="0.023">
  <properties/>
  <testcase name="testLoadSettings" classname="singleton.SettingsFileManagerTestSuite" time="0.023"/>
  <system-out><![CDATA[Opening the settings file.
Loading settings from file.
Closing the seetings file.
]]></system-out>
  <system-err><![CDATA[]]></system-err>
</testsuite>
