<?xml version="1.0" encoding="UTF-8"?>
<testsuite name="factory_delivery_factory_method.FactoryMethodTestSuite" tests="1" skipped="0" failures="0" errors="0" timestamp="2019-12-28T14:50:26" hostname="Dell-Komputer" time="0.028">
  <properties/>
  <testcase name="testProcessMethod" classname="factory_delivery_factory_method.FactoryMethodTestSuite" time="0.028"/>
  <system-out><![CDATA[Chose the Courier Alpha delivery service by boat.
Prepare a package for the Courier Alpha delivery service by boat.
Process the Courier Alpha delivery service by boat.
]]></system-out>
  <system-err><![CDATA[]]></system-err>
</testsuite>
