<?xml version="1.0" encoding="UTF-8"?>
<testsuite name="prototype_tasks.BoardTestSuite" tests="1" skipped="0" failures="0" errors="0" timestamp="2019-10-15T22:49:33" hostname="Dell-Komputer" time="0.065">
  <properties/>
  <testcase name="testToString" classname="prototype_tasks.BoardTestSuite" time="0.065"/>
  <system-out><![CDATA[Board {Project #1}

]]></system-out>
  <system-err><![CDATA[]]></system-err>
</testsuite>
