<?xml version="1.0" encoding="UTF-8"?>
<testsuite name="factory_shape.ShapeFactoryTestSuite" tests="3" skipped="0" failures="0" errors="0" timestamp="2019-10-23T23:24:54" hostname="Dell-Komputer" time="0.042">
  <properties/>
  <testcase name="testFactoryCircle" classname="factory_shape.ShapeFactoryTestSuite" time="0.018"/>
  <testcase name="testFactorySquare" classname="factory_shape.ShapeFactoryTestSuite" time="0.002"/>
  <testcase name="testFactoryRectangle" classname="factory_shape.ShapeFactoryTestSuite" time="0.015"/>
  <system-out><![CDATA[]]></system-out>
  <system-err><![CDATA[]]></system-err>
</testsuite>
