<?xml version="1.0" encoding="UTF-8"?>
<testsuite name="prototype_library.LibraryTestSuite" tests="1" skipped="0" failures="0" errors="0" timestamp="2019-10-18T20:09:54" hostname="Dell-Komputer" time="0.076">
  <properties/>
  <testcase name="testGetBooks" classname="prototype_library.LibraryTestSuite" time="0.076"/>
  <system-out><![CDATA[List of books in library library #1: 
Book{title='title11', author='author11', dateOfRelease=1976-02-14}
Book{title='title19', author='author19', dateOfRelease=1964-12-11}
Book{title='title7', author='author7', dateOfRelease=1965-01-01}
Book{title='title13', author='author13', dateOfRelease=2007-01-03}
Book{title='title3', author='author3', dateOfRelease=1936-10-07}
Book{title='title16', author='author16', dateOfRelease=1945-08-04}
Book{title='title6', author='author6', dateOfRelease=1985-05-18}
Book{title='title0', author='author0', dateOfRelease=1980-10-19}
Book{title='title5', author='author5', dateOfRelease=1933-10-28}
Book{title='title9', author='author9', dateOfRelease=1967-04-04}
Book{title='title10', author='author10', dateOfRelease=1980-12-26}
Book{title='title17', author='author17', dateOfRelease=1930-12-26}
Book{title='title4', author='author4', dateOfRelease=2008-01-09}
Book{title='title1', author='author1', dateOfRelease=2016-03-09}
Book{title='title18', author='author18', dateOfRelease=2005-08-12}
Book{title='title12', author='author12', dateOfRelease=1994-12-07}
Book{title='title8', author='author8', dateOfRelease=2007-07-13}
Book{title='title2', author='author2', dateOfRelease=1929-04-12}
Book{title='title14', author='author14', dateOfRelease=1904-02-12}
Book{title='title15', author='author15', dateOfRelease=1910-12-10}
List of books in (shallow) cloned library library #2: 
Book{title='title11', author='author11', dateOfRelease=1976-02-14}
Book{title='title19', author='author19', dateOfRelease=1964-12-11}
Book{title='title7', author='author7', dateOfRelease=1965-01-01}
Book{title='title13', author='author13', dateOfRelease=2007-01-03}
Book{title='title3', author='author3', dateOfRelease=1936-10-07}
Book{title='title16', author='author16', dateOfRelease=1945-08-04}
Book{title='title6', author='author6', dateOfRelease=1985-05-18}
Book{title='title0', author='author0', dateOfRelease=1980-10-19}
Book{title='title5', author='author5', dateOfRelease=1933-10-28}
Book{title='title9', author='author9', dateOfRelease=1967-04-04}
Book{title='title10', author='author10', dateOfRelease=1980-12-26}
Book{title='title17', author='author17', dateOfRelease=1930-12-26}
Book{title='title4', author='author4', dateOfRelease=2008-01-09}
Book{title='title1', author='author1', dateOfRelease=2016-03-09}
Book{title='title18', author='author18', dateOfRelease=2005-08-12}
Book{title='title12', author='author12', dateOfRelease=1994-12-07}
Book{title='title8', author='author8', dateOfRelease=2007-07-13}
Book{title='title2', author='author2', dateOfRelease=1929-04-12}
Book{title='title14', author='author14', dateOfRelease=1904-02-12}
Book{title='title15', author='author15', dateOfRelease=1910-12-10}
List of books in (deep) cloned library library #3: 
Book{title='title11', author='author11', dateOfRelease=1976-02-14}
Book{title='title19', author='author19', dateOfRelease=1964-12-11}
Book{title='title7', author='author7', dateOfRelease=1965-01-01}
Book{title='title13', author='author13', dateOfRelease=2007-01-03}
Book{title='title3', author='author3', dateOfRelease=1936-10-07}
Book{title='title16', author='author16', dateOfRelease=1945-08-04}
Book{title='title6', author='author6', dateOfRelease=1985-05-18}
Book{title='title0', author='author0', dateOfRelease=1980-10-19}
Book{title='title5', author='author5', dateOfRelease=1933-10-28}
Book{title='title9', author='author9', dateOfRelease=1967-04-04}
Book{title='title10', author='author10', dateOfRelease=1980-12-26}
Book{title='title17', author='author17', dateOfRelease=1930-12-26}
Book{title='title4', author='author4', dateOfRelease=2008-01-09}
Book{title='title1', author='author1', dateOfRelease=2016-03-09}
Book{title='title18', author='author18', dateOfRelease=2005-08-12}
Book{title='title12', author='author12', dateOfRelease=1994-12-07}
Book{title='title8', author='author8', dateOfRelease=2007-07-13}
Book{title='title2', author='author2', dateOfRelease=1929-04-12}
Book{title='title14', author='author14', dateOfRelease=1904-02-12}
Book{title='title15', author='author15', dateOfRelease=1910-12-10}
20
20
After clearing the library 3 the size of collection is: 0
The size of library 1 is:20
]]></system-out>
  <system-err><![CDATA[]]></system-err>
</testsuite>
