<?xml version="1.0" encoding="UTF-8"?>
<testsuite name="factory_task.TaskFactoryTestSuite" tests="3" skipped="0" failures="0" errors="0" timestamp="2019-10-25T00:45:12" hostname="Dell-Komputer" time="0.096">
  <properties/>
  <testcase name="testOfStoringTask" classname="factory_task.TaskFactoryTestSuite" time="0.037"/>
  <testcase name="testOfPaintingTask" classname="factory_task.TaskFactoryTestSuite" time="0.005"/>
  <testcase name="testOfShoppingTask" classname="factory_task.TaskFactoryTestSuite" time="0.05"/>
  <system-out><![CDATA[Execute task: Easter task #3
[ Store the coloured eggs in the fridge ]
The numbers of executed storing task = 1
Execute task: Easter task #2
[ paint the boiled eggs with a color red ]
The numbers of executed painting task = 1
Execute task: Easter task #1;
[ buy 10.0 pieces of eggs ]
The numbers of executed shopping task = 1
]]></system-out>
  <system-err><![CDATA[]]></system-err>
</testsuite>
