<?xml version="1.0" encoding="UTF-8"?>
<testsuite name="prototype_library.LibraryTestSuite" tests="1" skipped="0" failures="0" errors="0" timestamp="2019-10-17T23:09:57" hostname="Dell-Komputer" time="0.186">
  <properties/>
  <testcase name="testGetBooks" classname="prototype_library.LibraryTestSuite" time="0.186"/>
  <system-out><![CDATA[List of books in library: 
prototype_library.Book@4d2edc4e
prototype_library.Book@53f66377
prototype_library.Book@1a929296
prototype_library.Book@4eb387b6
prototype_library.Book@64554e93
prototype_library.Book@26c8c92e
prototype_library.Book@34f535b2
prototype_library.Book@6d7eb879
prototype_library.Book@1ce254ea
prototype_library.Book@5d32c9f9
prototype_library.Book@1a17a3b9
prototype_library.Book@71eb0125
prototype_library.Book@327fb950
prototype_library.Book@484e221e
prototype_library.Book@6add66ad
prototype_library.Book@68272ab2
prototype_library.Book@7a1fa768
prototype_library.Book@7544f9fc
prototype_library.Book@69cec115
prototype_library.Book@3abe62c2
List of books in (shallow) cloned library: 
prototype_library.Book@4d2edc4e
prototype_library.Book@53f66377
prototype_library.Book@1a929296
prototype_library.Book@4eb387b6
prototype_library.Book@64554e93
prototype_library.Book@26c8c92e
prototype_library.Book@34f535b2
prototype_library.Book@6d7eb879
prototype_library.Book@1ce254ea
prototype_library.Book@5d32c9f9
prototype_library.Book@1a17a3b9
prototype_library.Book@71eb0125
prototype_library.Book@327fb950
prototype_library.Book@484e221e
prototype_library.Book@6add66ad
prototype_library.Book@68272ab2
prototype_library.Book@7a1fa768
prototype_library.Book@7544f9fc
prototype_library.Book@69cec115
prototype_library.Book@3abe62c2
]]></system-out>
  <system-err><![CDATA[]]></system-err>
</testsuite>
