<?xml version="1.0" encoding="UTF-8"?>
<testsuite name="decorator_taxi.TaxiOrderTestSuite" tests="1" skipped="0" failures="0" errors="0" timestamp="2019-12-05T22:59:47" hostname="Dell-Komputer" time="0.025">
  <properties/>
  <testcase name="testCyberTaxiGetCostWithChildSeat" classname="decorator_taxi.TaxiOrderTestSuite" time="0.025"/>
  <system-out><![CDATA[]]></system-out>
  <system-err><![CDATA[]]></system-err>
</testsuite>
