<?xml version="1.0" encoding="UTF-8"?>
<testsuite name="prototype_library.LibraryTestSuite" tests="1" skipped="0" failures="0" errors="0" timestamp="2019-10-17T22:07:25" hostname="Dell-Komputer" time="0.085">
  <properties/>
  <testcase name="testGetBooks" classname="prototype_library.LibraryTestSuite" time="0.085"/>
  <system-out><![CDATA[The size of set 'books' = 20
List of books in library: 
Book{title='title2', author='author2', dateOfRelease=1964-07-06}
Book{title='title7', author='author7', dateOfRelease=1921-01-10}
Book{title='title10', author='author10', dateOfRelease=2004-02-08}
Book{title='title6', author='author6', dateOfRelease=1902-07-21}
Book{title='title13', author='author13', dateOfRelease=1973-05-23}
Book{title='title16', author='author16', dateOfRelease=1926-05-19}
Book{title='title3', author='author3', dateOfRelease=1960-08-07}
Book{title='title15', author='author15', dateOfRelease=1966-07-27}
Book{title='title0', author='author0', dateOfRelease=1934-12-20}
Book{title='title12', author='author12', dateOfRelease=2001-08-21}
Book{title='title8', author='author8', dateOfRelease=1909-06-19}
Book{title='title19', author='author19', dateOfRelease=1972-07-15}
Book{title='title1', author='author1', dateOfRelease=1982-10-14}
Book{title='title9', author='author9', dateOfRelease=1990-06-09}
Book{title='title14', author='author14', dateOfRelease=1958-10-31}
Book{title='title17', author='author17', dateOfRelease=2016-01-16}
Book{title='title11', author='author11', dateOfRelease=1908-10-16}
Book{title='title5', author='author5', dateOfRelease=2011-02-07}
Book{title='title18', author='author18', dateOfRelease=1974-08-29}
Book{title='title4', author='author4', dateOfRelease=2002-11-12}
]]></system-out>
  <system-err><![CDATA[]]></system-err>
</testsuite>
