<?xml version="1.0" encoding="UTF-8"?>
<testsuite name="builder_pizza.PizzaTestSuite" tests="1" skipped="0" failures="0" errors="0" timestamp="2019-10-26T14:08:56" hostname="Dell-Komputer" time="0.015">
  <properties/>
  <testcase name="testPizzaNew" classname="builder_pizza.PizzaTestSuite" time="0.015"/>
  <system-out><![CDATA[Pizza{bottom='Thin', sauce='Mild', ingredients=[Mushrooms, Pepper, Onion, Garlic]}
]]></system-out>
  <system-err><![CDATA[]]></system-err>
</testsuite>
