<?xml version="1.0" encoding="UTF-8"?>
<testsuite name="decorator_taxi.TaxiOrderTestSuite" tests="1" skipped="0" failures="0" errors="0" timestamp="2019-12-03T21:39:19" hostname="Dell-Komputer" time="0.006">
  <properties/>
  <testcase name="testCityTaxiNetworkGetDescription" classname="decorator_taxi.TaxiOrderTestSuite" time="0.006"/>
  <system-out><![CDATA[]]></system-out>
  <system-err><![CDATA[]]></system-err>
</testsuite>
