<?xml version="1.0" encoding="UTF-8"?>
<testsuite name="prototype_library.LibraryTestSuite" tests="1" skipped="0" failures="0" errors="0" timestamp="2019-10-19T10:44:50" hostname="Dell-Komputer" time="0.142">
  <properties/>
  <testcase name="testGetBooks" classname="prototype_library.LibraryTestSuite" time="0.142"/>
  <system-out><![CDATA[List of books in librarylibrary #1: 
Book{title='title8', author='author8', dateOfRelease=1970-03-24}
Book{title='title14', author='author14', dateOfRelease=1901-04-28}
Book{title='title6', author='author6', dateOfRelease=1976-05-14}
Book{title='title16', author='author16', dateOfRelease=1955-11-18}
Book{title='title17', author='author17', dateOfRelease=1915-02-24}
Book{title='title18', author='author18', dateOfRelease=2002-08-05}
Book{title='title3', author='author3', dateOfRelease=1967-08-30}
Book{title='title12', author='author12', dateOfRelease=1982-07-18}
Book{title='title1', author='author1', dateOfRelease=1975-09-08}
Book{title='title0', author='author0', dateOfRelease=1979-10-26}
Book{title='title11', author='author11', dateOfRelease=2007-12-20}
Book{title='title13', author='author13', dateOfRelease=2008-05-18}
Book{title='title19', author='author19', dateOfRelease=1977-10-04}
Book{title='title5', author='author5', dateOfRelease=1956-02-20}
Book{title='title15', author='author15', dateOfRelease=1968-08-09}
Book{title='title10', author='author10', dateOfRelease=1956-03-12}
Book{title='title4', author='author4', dateOfRelease=1915-04-06}
Book{title='title9', author='author9', dateOfRelease=1917-11-03}
Book{title='title2', author='author2', dateOfRelease=1990-08-12}
Book{title='title7', author='author7', dateOfRelease=1985-08-17}
List of books in (shallow) cloned librarylibrary #2: 
Book{title='title8', author='author8', dateOfRelease=1970-03-24}
Book{title='title14', author='author14', dateOfRelease=1901-04-28}
Book{title='title6', author='author6', dateOfRelease=1976-05-14}
Book{title='title16', author='author16', dateOfRelease=1955-11-18}
Book{title='title17', author='author17', dateOfRelease=1915-02-24}
Book{title='title18', author='author18', dateOfRelease=2002-08-05}
Book{title='title3', author='author3', dateOfRelease=1967-08-30}
Book{title='title12', author='author12', dateOfRelease=1982-07-18}
Book{title='title1', author='author1', dateOfRelease=1975-09-08}
Book{title='title0', author='author0', dateOfRelease=1979-10-26}
Book{title='title11', author='author11', dateOfRelease=2007-12-20}
Book{title='title13', author='author13', dateOfRelease=2008-05-18}
Book{title='title19', author='author19', dateOfRelease=1977-10-04}
Book{title='title5', author='author5', dateOfRelease=1956-02-20}
Book{title='title15', author='author15', dateOfRelease=1968-08-09}
Book{title='title10', author='author10', dateOfRelease=1956-03-12}
Book{title='title4', author='author4', dateOfRelease=1915-04-06}
Book{title='title9', author='author9', dateOfRelease=1917-11-03}
Book{title='title2', author='author2', dateOfRelease=1990-08-12}
Book{title='title7', author='author7', dateOfRelease=1985-08-17}
List of books in (deep) cloned librarylibrary #3: 
Book{title='title8', author='author8', dateOfRelease=1970-03-24}
Book{title='title14', author='author14', dateOfRelease=1901-04-28}
Book{title='title6', author='author6', dateOfRelease=1976-05-14}
Book{title='title16', author='author16', dateOfRelease=1955-11-18}
Book{title='title17', author='author17', dateOfRelease=1915-02-24}
Book{title='title18', author='author18', dateOfRelease=2002-08-05}
Book{title='title3', author='author3', dateOfRelease=1967-08-30}
Book{title='title12', author='author12', dateOfRelease=1982-07-18}
Book{title='title1', author='author1', dateOfRelease=1975-09-08}
Book{title='title0', author='author0', dateOfRelease=1979-10-26}
Book{title='title11', author='author11', dateOfRelease=2007-12-20}
Book{title='title13', author='author13', dateOfRelease=2008-05-18}
Book{title='title19', author='author19', dateOfRelease=1977-10-04}
Book{title='title5', author='author5', dateOfRelease=1956-02-20}
Book{title='title15', author='author15', dateOfRelease=1968-08-09}
Book{title='title10', author='author10', dateOfRelease=1956-03-12}
Book{title='title4', author='author4', dateOfRelease=1915-04-06}
Book{title='title9', author='author9', dateOfRelease=1917-11-03}
Book{title='title2', author='author2', dateOfRelease=1990-08-12}
Book{title='title7', author='author7', dateOfRelease=1985-08-17}
After clearing the library 3 the size of collection is: 0
The size of library 1 is:20
]]></system-out>
  <system-err><![CDATA[]]></system-err>
</testsuite>
