<?xml version="1.0" encoding="UTF-8"?>
<testsuite name="factory_task.TaskFactoryTestSuite" tests="1" skipped="0" failures="0" errors="0" timestamp="2019-10-25T00:03:48" hostname="Dell-Komputer" time="0.018">
  <properties/>
  <testcase name="testOfPaintingTask" classname="factory_task.TaskFactoryTestSuite" time="0.018"/>
  <system-out><![CDATA[Execute task: Easter task #2
[ paint the boiled eggs with a color red ]
The numbers of executed task = 1
]]></system-out>
  <system-err><![CDATA[]]></system-err>
</testsuite>
